Compiled jquery.js  (3ms)  (pid 621)
Compiled jquery_ujs.js  (0ms)  (pid 621)
Compiled static_pages.js  (345ms)  (pid 621)
Compiled users.js  (166ms)  (pid 621)
Compiled application.js  (567ms)  (pid 621)
Compiled static_pages.css  (53ms)  (pid 621)
Compiled users.css  (3ms)  (pid 621)
Compiled application.css  (96ms)  (pid 621)
Compiled jquery.js  (3ms)  (pid 621)
Compiled jquery_ujs.js  (1ms)  (pid 621)
Compiled static_pages.js  (198ms)  (pid 621)
Compiled users.js  (159ms)  (pid 621)
Compiled application.js  (404ms)  (pid 621)
Compiled static_pages.css  (33ms)  (pid 621)
Compiled users.css  (2ms)  (pid 621)
Compiled application.css  (59ms)  (pid 621)
Compiled jquery.js  (3ms)  (pid 675)
Compiled jquery_ujs.js  (0ms)  (pid 675)
Compiled static_pages.js  (234ms)  (pid 675)
Compiled users.js  (156ms)  (pid 675)
Compiled application.js  (440ms)  (pid 675)
Compiled static_pages.css  (34ms)  (pid 675)
Compiled users.css  (2ms)  (pid 675)
Compiled application.css  (58ms)  (pid 675)
Compiled jquery.js  (3ms)  (pid 675)
Compiled jquery_ujs.js  (0ms)  (pid 675)
Compiled static_pages.js  (194ms)  (pid 675)
Compiled users.js  (163ms)  (pid 675)
Compiled application.js  (405ms)  (pid 675)
Compiled static_pages.css  (36ms)  (pid 675)
Compiled users.css  (2ms)  (pid 675)
Compiled application.css  (59ms)  (pid 675)
Compiled jquery.js  (3ms)  (pid 922)
Compiled jquery_ujs.js  (0ms)  (pid 922)
Compiled twitter/bootstrap/bootstrap-transition.js  (1ms)  (pid 922)
Compiled twitter/bootstrap/bootstrap-alert.js  (0ms)  (pid 922)
Compiled twitter/bootstrap/bootstrap-modal.js  (0ms)  (pid 922)
Compiled twitter/bootstrap/bootstrap-dropdown.js  (0ms)  (pid 922)
Compiled twitter/bootstrap/bootstrap-scrollspy.js  (0ms)  (pid 922)
Compiled twitter/bootstrap/bootstrap-tab.js  (0ms)  (pid 922)
Compiled twitter/bootstrap/bootstrap-tooltip.js  (0ms)  (pid 922)
Compiled twitter/bootstrap/bootstrap-popover.js  (0ms)  (pid 922)
Compiled twitter/bootstrap/bootstrap-button.js  (0ms)  (pid 922)
Compiled twitter/bootstrap/bootstrap-collapse.js  (0ms)  (pid 922)
Compiled twitter/bootstrap/bootstrap-carousel.js  (0ms)  (pid 922)
Compiled twitter/bootstrap/bootstrap-typeahead.js  (0ms)  (pid 922)
Compiled twitter/bootstrap/bootstrap-affix.js  (0ms)  (pid 922)
Compiled twitter/bootstrap.js  (217ms)  (pid 922)
Compiled static_pages.js  (308ms)  (pid 922)
Compiled users.js  (161ms)  (pid 922)
Compiled application.js  (756ms)  (pid 922)
Compiled jquery.js  (3ms)  (pid 981)
Compiled jquery_ujs.js  (0ms)  (pid 981)
Compiled static_pages.js  (252ms)  (pid 981)
Compiled users.js  (180ms)  (pid 981)
Compiled application.js  (485ms)  (pid 981)
Compiled static_pages.css  (13ms)  (pid 981)
Compiled users.css  (3ms)  (pid 981)
Compiled application.css  (36ms)  (pid 981)
Compiled jquery.js  (3ms)  (pid 981)
Compiled jquery_ujs.js  (0ms)  (pid 981)
Compiled static_pages.js  (190ms)  (pid 981)
Compiled users.js  (178ms)  (pid 981)
Compiled application.js  (419ms)  (pid 981)
Compiled static_pages.css  (14ms)  (pid 981)
Compiled users.css  (3ms)  (pid 981)
Compiled application.css  (41ms)  (pid 981)
Compiled jquery.js  (3ms)  (pid 2431)
Compiled jquery_ujs.js  (0ms)  (pid 2431)
Compiled bootstrap-timepicker.min.js  (1ms)  (pid 2431)
Compiled bootstrap.js  (1ms)  (pid 2431)
Compiled bootstrap.js  (284ms)  (pid 2431)
Compiled bootstrap.min.js  (1ms)  (pid 2431)
Compiled jquery-1.9.1.min.js  (1ms)  (pid 2431)
Compiled static_pages.js  (157ms)  (pid 2431)
Compiled users.js  (162ms)  (pid 2431)
Compiled application.js  (762ms)  (pid 2431)
Compiled bootstrap-marketing-template.css  (0ms)  (pid 2431)
Compiled bootstrap-timepicker.css  (0ms)  (pid 2431)
Compiled bootstrap-timepicker.min.css  (0ms)  (pid 2431)
Compiled bootstrap.css  (0ms)  (pid 2431)
Compiled hangout.css  (5163ms)  (pid 2431)
Compiled hangout2.css  (0ms)  (pid 2431)
Compiled static_pages.css  (2ms)  (pid 2431)
Compiled users.css  (2ms)  (pid 2431)
Compiled application.css  (5234ms)  (pid 2431)
Compiled jquery.js  (3ms)  (pid 2431)
Compiled jquery_ujs.js  (0ms)  (pid 2431)
Compiled bootstrap-timepicker.min.js  (0ms)  (pid 2431)
Compiled bootstrap.js  (1ms)  (pid 2431)
Compiled bootstrap.js  (192ms)  (pid 2431)
Compiled bootstrap.min.js  (1ms)  (pid 2431)
Compiled jquery-1.9.1.min.js  (32ms)  (pid 2431)
Compiled static_pages.js  (166ms)  (pid 2431)
Compiled users.js  (165ms)  (pid 2431)
Compiled application.js  (667ms)  (pid 2431)
Compiled bootstrap-marketing-template.css  (0ms)  (pid 2431)
Compiled bootstrap-timepicker.css  (0ms)  (pid 2431)
Compiled bootstrap-timepicker.min.css  (1ms)  (pid 2431)
Compiled bootstrap.css  (1ms)  (pid 2431)
Compiled hangout.css  (6084ms)  (pid 2431)
Compiled hangout2.css  (0ms)  (pid 2431)
Compiled static_pages.css  (2ms)  (pid 2431)
Compiled users.css  (1ms)  (pid 2431)
Compiled application.css  (6170ms)  (pid 2431)
Compiled jquery.js  (3ms)  (pid 18433)
Compiled jquery_ujs.js  (0ms)  (pid 18433)
Compiled bootstrap-timepicker.js  (1ms)  (pid 18433)
Compiled application.js  (47ms)  (pid 18433)
Compiled bootstrap-timepicker.css  (0ms)  (pid 18433)
Compiled hangout.css  (3643ms)  (pid 18433)
Compiled application.css  (3676ms)  (pid 18433)
Compiled jquery.js  (4ms)  (pid 18433)
Compiled jquery_ujs.js  (1ms)  (pid 18433)
Compiled bootstrap-timepicker.js  (2ms)  (pid 18433)
Compiled application.js  (57ms)  (pid 18433)
Compiled bootstrap-timepicker.css  (0ms)  (pid 18433)
Compiled hangout.css  (4165ms)  (pid 18433)
Compiled application.css  (4195ms)  (pid 18433)
Compiled jquery.js  (4ms)  (pid 18444)
Compiled jquery_ujs.js  (1ms)  (pid 18444)
Compiled bootstrap-timepicker.js  (1ms)  (pid 18444)
Compiled application.js  (54ms)  (pid 18444)
Compiled bootstrap-timepicker.css  (1ms)  (pid 18444)
Compiled hangout.css  (3706ms)  (pid 18444)
Compiled application.css  (3733ms)  (pid 18444)
Compiled jquery.js  (3ms)  (pid 18444)
Compiled jquery_ujs.js  (1ms)  (pid 18444)
Compiled bootstrap-timepicker.js  (1ms)  (pid 18444)
Compiled application.js  (42ms)  (pid 18444)
Compiled bootstrap-timepicker.css  (0ms)  (pid 18444)
Compiled hangout.css  (3313ms)  (pid 18444)
Compiled application.css  (3337ms)  (pid 18444)
Compiled jquery.js  (4ms)  (pid 22449)
Compiled jquery_ujs.js  (1ms)  (pid 22449)
Compiled bootstrap-timepicker.js  (1ms)  (pid 22449)
Compiled application.js  (64ms)  (pid 22449)
Compiled bootstrap-timepicker.css  (0ms)  (pid 22449)
Compiled hangout.css  (3835ms)  (pid 22449)
Compiled application.css  (3895ms)  (pid 22449)
Compiled jquery.js  (3ms)  (pid 22449)
Compiled jquery_ujs.js  (0ms)  (pid 22449)
Compiled bootstrap-timepicker.js  (1ms)  (pid 22449)
Compiled application.js  (41ms)  (pid 22449)
Compiled bootstrap-timepicker.css  (0ms)  (pid 22449)
Compiled hangout.css  (4004ms)  (pid 22449)
Compiled application.css  (4028ms)  (pid 22449)
Compiled jquery.js  (3ms)  (pid 22468)
Compiled jquery_ujs.js  (0ms)  (pid 22468)
Compiled bootstrap-timepicker.js  (1ms)  (pid 22468)
Compiled application.js  (39ms)  (pid 22468)
Compiled bootstrap-timepicker.css  (0ms)  (pid 22468)
Compiled hangout.css  (4516ms)  (pid 22468)
Compiled application.css  (4563ms)  (pid 22468)
Compiled jquery.js  (3ms)  (pid 22468)
Compiled jquery_ujs.js  (0ms)  (pid 22468)
Compiled bootstrap-timepicker.js  (2ms)  (pid 22468)
Compiled application.js  (45ms)  (pid 22468)
Compiled bootstrap-timepicker.css  (0ms)  (pid 22468)
Compiled hangout.css  (3771ms)  (pid 22468)
Compiled application.css  (3798ms)  (pid 22468)
Compiled jquery.js  (5ms)  (pid 22852)
Compiled jquery_ujs.js  (0ms)  (pid 22852)
Compiled bootstrap-timepicker.js  (1ms)  (pid 22852)
Compiled application.js  (49ms)  (pid 22852)
Compiled bootstrap-timepicker.css  (0ms)  (pid 22852)
Compiled bootstrap_and_overrides.css  (13ms)  (pid 22852)
Compiled hangout.css  (3839ms)  (pid 22852)
Compiled application.css  (3922ms)  (pid 22852)
Compiled jquery.js  (3ms)  (pid 22852)
Compiled jquery_ujs.js  (0ms)  (pid 22852)
Compiled bootstrap-timepicker.js  (2ms)  (pid 22852)
Compiled application.js  (45ms)  (pid 22852)
Compiled bootstrap-timepicker.css  (0ms)  (pid 22852)
Compiled bootstrap_and_overrides.css  (10ms)  (pid 22852)
Compiled hangout.css  (4027ms)  (pid 22852)
Compiled application.css  (4071ms)  (pid 22852)
Compiled jquery.js  (3ms)  (pid 23046)
Compiled jquery_ujs.js  (0ms)  (pid 23046)
Compiled bootstrap-transition.js  (0ms)  (pid 23046)
Compiled bootstrap-affix.js  (0ms)  (pid 23046)
Compiled bootstrap-alert.js  (0ms)  (pid 23046)
Compiled bootstrap-button.js  (0ms)  (pid 23046)
Compiled bootstrap-carousel.js  (0ms)  (pid 23046)
Compiled bootstrap-collapse.js  (0ms)  (pid 23046)
Compiled bootstrap-dropdown.js  (0ms)  (pid 23046)
Compiled bootstrap-modal.js  (0ms)  (pid 23046)
Compiled bootstrap-scrollspy.js  (1ms)  (pid 23046)
Compiled bootstrap-tab.js  (1ms)  (pid 23046)
Compiled bootstrap-tooltip.js  (0ms)  (pid 23046)
Compiled bootstrap-popover.js  (1ms)  (pid 23046)
Compiled bootstrap-typeahead.js  (0ms)  (pid 23046)
Compiled bootstrap.js  (188ms)  (pid 23046)
Compiled bootstrap-timepicker.js  (1ms)  (pid 23046)
Compiled application.js  (275ms)  (pid 23046)
Compiled bootstrap-timepicker.css  (0ms)  (pid 23046)
Compiled bootstrap_and_overrides.css  (3758ms)  (pid 23046)
Compiled hangout.css  (1488ms)  (pid 23046)
Compiled application.css  (5302ms)  (pid 23046)
Compiled jquery.js  (3ms)  (pid 23046)
Compiled jquery_ujs.js  (0ms)  (pid 23046)
Compiled bootstrap-transition.js  (0ms)  (pid 23046)
Compiled bootstrap-affix.js  (0ms)  (pid 23046)
Compiled bootstrap-alert.js  (0ms)  (pid 23046)
Compiled bootstrap-button.js  (0ms)  (pid 23046)
Compiled bootstrap-carousel.js  (1ms)  (pid 23046)
Compiled bootstrap-collapse.js  (0ms)  (pid 23046)
Compiled bootstrap-dropdown.js  (0ms)  (pid 23046)
Compiled bootstrap-modal.js  (0ms)  (pid 23046)
Compiled bootstrap-scrollspy.js  (0ms)  (pid 23046)
Compiled bootstrap-tab.js  (0ms)  (pid 23046)
Compiled bootstrap-tooltip.js  (0ms)  (pid 23046)
Compiled bootstrap-popover.js  (0ms)  (pid 23046)
Compiled bootstrap-typeahead.js  (0ms)  (pid 23046)
Compiled bootstrap.js  (175ms)  (pid 23046)
Compiled bootstrap-timepicker.js  (1ms)  (pid 23046)
Compiled application.js  (224ms)  (pid 23046)
Compiled bootstrap-timepicker.css  (0ms)  (pid 23046)
Compiled bootstrap_and_overrides.css  (3741ms)  (pid 23046)
Compiled hangout.css  (1517ms)  (pid 23046)
Compiled application.css  (5291ms)  (pid 23046)
